activating the configuration...
setting up /etc...
reloading user units for ver...
restarting sysinit-reactivation.target
restarting the following units: home-manager-ver.service
the following new units were started: libvirtd.service
 nix-community.cachix.org-1:mB9FSh9qf2dCimDSUo8Zy7bkq5CX+/rkCWyvRCYg3Fs= cache.nixos.org-1:6NCHdD59X431o0gWypbMrAURkbJ16ZPMQFGspcDShjY=' from ~/.local/share/nix/trusted-settings.json.
building the system configuration...
warning: Git tree '/home/ver/.dotfiles' is dirty
Using saved setting for 'substituters = https://cache.nixos.org https://nix-community.cachix.org' from ~/.local/share/nix/trusted-settings.json.
Using saved setting for 'trusted-public-keys = nix-community.cachix.org-1:mB9FSh9qf2dCimDSUo8Zy7bkq5CX+/rkCWyvRCYg3Fs= cache.nixos.org-1:6NCHdD59X431o0gWypbMrAURkbJ16ZPMQFGspcDShjY=' from ~/.local/share/nix/trusted-settings.json.
these 17 derivations will be built:
  /nix/store/1fy0xzbsn8ipg8zqjkn6i6899a76z8ws-discord-0.0.43.tar.gz.drv
  /nix/store/hnj8jj7xqny0yr92zyf9dzz2akywcyyq-discord.desktop.drv
  /nix/store/pazjsm8pjgxbbhf7wsdcl9y8lwfsagg4-disable-breaking-updates.py.drv
  /nix/store/lr2ivc09j35d2xyi1xbgaab44xs7xfa8-source.drv
  /nix/store/q0yjjxd4m55xrdxmq6b3agbwbp06kf67-openasar-unstable-2023-10-24.drv
  /nix/store/4hzd88v99q4cdg4i3ah72kjcd9bhcvik-discord-0.0.43.drv
  /nix/store/amqbag5r3i94k8xv8ck6sb4qddgjl49a-home-manager-path.drv
  /nix/store/r9ylc9zwgh6853xwfj94g0zpfw5722hx-hm_fontconfigconf.d10hmfonts.conf.drv
  /nix/store/pc97g1a3wbv191qclbhwizdvvmrdqg3d-home-manager-files.drv
  /nix/store/2sih5dl2xj60m40dvd71d8hdir2750sm-home-manager-generation.drv
  /nix/store/x0kd9ngavfd0adr92vj1hqb09hnf2adj-unit-script-nixos-upgrade-start.drv
  /nix/store/ql3xmhaxn3dz5iq68169al2db44j0ivk-unit-nixos-upgrade.service.drv
  /nix/store/r0ll8w2mrg5720c840z6wlwv683s0ima-unit-home-manager-ver.service.drv
  /nix/store/br88klba78y0kys7z00rgqvxmk2v3hyb-system-units.drv
  /nix/store/glf5znik528rp6ydhwy6h50bhrfkkn75-user-environment.drv
  /nix/store/x57hbx0ajp3xxn84kp8gzh5dn23jiq8s-etc.drv
  /nix/store/l9ky23z7ff06dx3wavcny00k4spzqlcv-nixos-system-who-24.05.20240229.1536926.drv
these 28 paths will be fetched (33.72 MiB download, 225.88 MiB unpacked):
  /nix/store/qb2nsiinl48lh9bpy2sgyysrm2sklc6n-auto-patchelf-hook
  /nix/store/1ryv6lfa2v3fi0j5w1s15njfy9fk5x84-binutils-wrapper-2.40
  /nix/store/mp970g3wljilnkn37ah9gwjj2aqhj0ih-curl-8.6.0
  /nix/store/cqa7d8p2jg7zhi3c3c1h4wc1pazsnr07-curl-8.6.0-bin
  /nix/store/wg14m5x4x1ch1076kl9vrnxfg65005dx-curl-8.6.0-dev
  /nix/store/j6cfl6vqy9iydnli0nz5dgy4cwm94qll-curl-8.6.0-man
  /nix/store/rx36i56imx1y1af9kzm020zlim7y6n8l-dee-unstable-2017-06-16
  /nix/store/i9ir8hvza01i18jk63r54wflj8fj9316-electron-asar-3.2.4
  /nix/store/id50601k5gphbwbmp4ibn6agf1ma8kz5-libcxx-16.0.6
  /nix/store/83qw6n5pllv5h6njrchgsd4kxkvmzlqg-libcxxabi-16.0.6
  /nix/store/h3xykibwm2a4mhwnjdijbld4990bkj34-libkrb5-1.21.2
  /nix/store/ib49n88p3ac641nh9f9r0w8v96g472x4-libkrb5-1.21.2-dev
  /nix/store/v62kjr3g13qm21ikk0snkjjg9xwqha38-libssh2-1.11.0
  /nix/store/fsq5v5s57l2vyys8qbxrfd6f0k0hffg2-libssh2-1.11.0-dev
  /nix/store/vrrqmf03m0kkcgl4n5pwfi6rf764zqsy-libunity-unstable-2021-02-01
  /nix/store/s6xy6avacx8r67a4vv4bgi5halsp4rs3-libuv-1.48.0-dev
  /nix/store/aks687wvpx3pvads2cdjss6iwjybfi4w-mirrors-list
  /nix/store/i6brqyk83yvcn3s7gsya8zw6nj69c7xl-nghttp2-1.59.0
  /nix/store/ki6ndin3dr8n0m4wqjwfdxax826g6ydy-nghttp2-1.59.0-dev
  /nix/store/cwyr122i3hwj3k05r5gs55zgb3243k87-nghttp2-1.59.0-lib
  /nix/store/vz13mi0w75q96sfjxz2ylnv8812hvf34-nodejs-20.11.1
  /nix/store/gfi1mbnaf1229j9lbailqfal8fgql52r-openssl-3.0.13
  /nix/store/p39y547kl35m6jh4plvlzhwyydymazha-openssl-3.0.13-bin
  /nix/store/m5m7rybxpry1vx3a5kq6g895vkr73a1s-openssl-3.0.13-dev
  /nix/store/gihvpmbcmsy5kndbggqdj1a73wk9q4w5-python3-3.11.8-env
  /nix/store/h0xdylcbxj543vb4vdlrrc4b9qk1iqly-python3.11-pyelftools-0.30
  /nix/store/bfy89ls6lvr35wk8k7lgmdh2yc4jml3i-util-linux-minimal-2.39.3-dev
  /nix/store/r8k8k91pwbh4byfb606c948lcpc8cmz6-vencord-1.6.9
building '/nix/store/x0kd9ngavfd0adr92vj1hqb09hnf2adj-unit-script-nixos-upgrade-start.drv'...
copying path '/nix/store/r8k8k91pwbh4byfb606c948lcpc8cmz6-vencord-1.6.9' from 'https://cache.nixos.org'...
copying path '/nix/store/bfy89ls6lvr35wk8k7lgmdh2yc4jml3i-util-linux-minimal-2.39.3-dev' from 'https://cache.nixos.org'...
building '/nix/store/hnj8jj7xqny0yr92zyf9dzz2akywcyyq-discord.desktop.drv'...
copying path '/nix/store/1ryv6lfa2v3fi0j5w1s15njfy9fk5x84-binutils-wrapper-2.40' from 'https://cache.nixos.org'...
copying path '/nix/store/rx36i56imx1y1af9kzm020zlim7y6n8l-dee-unstable-2017-06-16' from 'https://cache.nixos.org'...
copying path '/nix/store/83qw6n5pllv5h6njrchgsd4kxkvmzlqg-libcxxabi-16.0.6' from 'https://cache.nixos.org'...
copying path '/nix/store/aks687wvpx3pvads2cdjss6iwjybfi4w-mirrors-list' from 'https://cache.nixos.org'...
copying path '/nix/store/j6cfl6vqy9iydnli0nz5dgy4cwm94qll-curl-8.6.0-man' from 'https://cache.nixos.org'...
copying path '/nix/store/h0xdylcbxj543vb4vdlrrc4b9qk1iqly-python3.11-pyelftools-0.30' from 'https://cache.nixos.org'...
building '/nix/store/pazjsm8pjgxbbhf7wsdcl9y8lwfsagg4-disable-breaking-updates.py.drv'...
copying path '/nix/store/i6brqyk83yvcn3s7gsya8zw6nj69c7xl-nghttp2-1.59.0' from 'https://cache.nixos.org'...
copying path '/nix/store/h3xykibwm2a4mhwnjdijbld4990bkj34-libkrb5-1.21.2' from 'https://cache.nixos.org'...
copying path '/nix/store/s6xy6avacx8r67a4vv4bgi5halsp4rs3-libuv-1.48.0-dev' from 'https://cache.nixos.org'...
copying path '/nix/store/cwyr122i3hwj3k05r5gs55zgb3243k87-nghttp2-1.59.0-lib' from 'https://cache.nixos.org'...
copying path '/nix/store/gfi1mbnaf1229j9lbailqfal8fgql52r-openssl-3.0.13' from 'https://cache.nixos.org'...
building '/nix/store/ql3xmhaxn3dz5iq68169al2db44j0ivk-unit-nixos-upgrade.service.drv'...
copying path '/nix/store/vrrqmf03m0kkcgl4n5pwfi6rf764zqsy-libunity-unstable-2021-02-01' from 'https://cache.nixos.org'...
copying path '/nix/store/id50601k5gphbwbmp4ibn6agf1ma8kz5-libcxx-16.0.6' from 'https://cache.nixos.org'...
copying path '/nix/store/vz13mi0w75q96sfjxz2ylnv8812hvf34-nodejs-20.11.1' from 'https://cache.nixos.org'...
copying path '/nix/store/ki6ndin3dr8n0m4wqjwfdxax826g6ydy-nghttp2-1.59.0-dev' from 'https://cache.nixos.org'...
copying path '/nix/store/gihvpmbcmsy5kndbggqdj1a73wk9q4w5-python3-3.11.8-env' from 'https://cache.nixos.org'...
copying path '/nix/store/qb2nsiinl48lh9bpy2sgyysrm2sklc6n-auto-patchelf-hook' from 'https://cache.nixos.org'...
copying path '/nix/store/ib49n88p3ac641nh9f9r0w8v96g472x4-libkrb5-1.21.2-dev' from 'https://cache.nixos.org'...
copying path '/nix/store/v62kjr3g13qm21ikk0snkjjg9xwqha38-libssh2-1.11.0' from 'https://cache.nixos.org'...
copying path '/nix/store/p39y547kl35m6jh4plvlzhwyydymazha-openssl-3.0.13-bin' from 'https://cache.nixos.org'...
copying path '/nix/store/mp970g3wljilnkn37ah9gwjj2aqhj0ih-curl-8.6.0' from 'https://cache.nixos.org'...
copying path '/nix/store/m5m7rybxpry1vx3a5kq6g895vkr73a1s-openssl-3.0.13-dev' from 'https://cache.nixos.org'...
copying path '/nix/store/cqa7d8p2jg7zhi3c3c1h4wc1pazsnr07-curl-8.6.0-bin' from 'https://cache.nixos.org'...
copying path '/nix/store/fsq5v5s57l2vyys8qbxrfd6f0k0hffg2-libssh2-1.11.0-dev' from 'https://cache.nixos.org'...
copying path '/nix/store/wg14m5x4x1ch1076kl9vrnxfg65005dx-curl-8.6.0-dev' from 'https://cache.nixos.org'...
building '/nix/store/1fy0xzbsn8ipg8zqjkn6i6899a76z8ws-discord-0.0.43.tar.gz.drv'...
building '/nix/store/lr2ivc09j35d2xyi1xbgaab44xs7xfa8-source.drv'...
copying path '/nix/store/i9ir8hvza01i18jk63r54wflj8fj9316-electron-asar-3.2.4' from 'https://cache.nixos.org'...
building '/nix/store/q0yjjxd4m55xrdxmq6b3agbwbp06kf67-openasar-unstable-2023-10-24.drv'...
building '/nix/store/4hzd88v99q4cdg4i3ah72kjcd9bhcvik-discord-0.0.43.drv'...
building '/nix/store/amqbag5r3i94k8xv8ck6sb4qddgjl49a-home-manager-path.drv'...
building '/nix/store/r9ylc9zwgh6853xwfj94g0zpfw5722hx-hm_fontconfigconf.d10hmfonts.conf.drv'...
building '/nix/store/glf5znik528rp6ydhwy6h50bhrfkkn75-user-environment.drv'...
building '/nix/store/pc97g1a3wbv191qclbhwizdvvmrdqg3d-home-manager-files.drv'...
building '/nix/store/2sih5dl2xj60m40dvd71d8hdir2750sm-home-manager-generation.drv'...
building '/nix/store/r0ll8w2mrg5720c840z6wlwv683s0ima-unit-home-manager-ver.service.drv'...
building '/nix/store/br88klba78y0kys7z00rgqvxmk2v3hyb-system-units.drv'...
building '/nix/store/x57hbx0ajp3xxn84kp8gzh5dn23jiq8s-etc.drv'...
building '/nix/store/l9ky23z7ff06dx3wavcny00k4spzqlcv-nixos-system-who-24.05.20240229.1536926.drv'...
